# JRE version: Java(TM) SE Runtime Environment (8.0_171-b11) (build 1.8.0_171-b11)
# Java VM: Java HotSpot(TM) 64-Bit Server VM (25.171-b11 mixed mode windows-amd64 compressed oops)
Heap:
 PSYoungGen      total 38912K, used 15857K [0x00000000eb200000, 0x00000000ee000000, 0x0000000100000000)
  eden space 32256K, 34% used [0x00000000eb200000,0x00000000ebcbd440,0x00000000ed180000)
  from space 6656K, 73% used [0x00000000ed880000,0x00000000edd3f2e8,0x00000000edf00000)
  to   space 7168K, 0% used [0x00000000ed180000,0x00000000ed180000,0x00000000ed880000)
 ParOldGen       total 44032K, used 7564K [0x00000000c1600000, 0x00000000c4100000, 0x00000000eb200000)
  object space 44032K, 17% used [0x00000000c1600000,0x00000000c1d63130,0x00000000c4100000)
 Metaspace       used 19232K, capacity 19424K, committed 19712K, reserved 1067008K
  class space    used 2468K, capacity 2559K, committed 2560K, reserved 1048576K
GC Heap History (10 events):
Event: 1.096 GC heap before
{Heap before GC invocations=2 (full 0):
 PSYoungGen      total 18944K, used 17379K [0x00000000eb200000, 0x00000000ec700000, 0x0000000100000000)
  eden space 16384K, 100% used [0x00000000eb200000,0x00000000ec200000,0x00000000ec200000)
  from space 2560K, 38% used [0x00000000ec200000,0x00000000ec2f8db0,0x00000000ec480000)
  to   space 2560K, 0% used [0x00000000ec480000,0x00000000ec480000,0x00000000ec700000)
 ParOldGen       total 44032K, used 8K [0x00000000c1600000, 0x00000000c4100000, 0x00000000eb200000)
  object space 44032K, 0% used [0x00000000c1600000,0x00000000c1602000,0x00000000c4100000)
 Metaspace       used 8486K, capacity 8570K, committed 8832K, reserved 1056768K
  class space    used 1042K, capacity 1081K, committed 1152K, reserved 1048576K
Event: 1.103 GC heap after
Heap after GC invocations=2 (full 0):
 PSYoungGen      total 18944K, used 2536K [0x00000000eb200000, 0x00000000ec700000, 0x0000000100000000)
  eden space 16384K, 0% used [0x00000000eb200000,0x00000000eb200000,0x00000000ec200000)
  from space 2560K, 99% used [0x00000000ec480000,0x00000000ec6fa248,0x00000000ec700000)
  to   space 2560K, 0% used [0x00000000ec200000,0x00000000ec200000,0x00000000ec480000)
 ParOldGen       total 44032K, used 1091K [0x00000000c1600000, 0x00000000c4100000, 0x00000000eb200000)
  object space 44032K, 2% used [0x00000000c1600000,0x00000000c1710ef0,0x00000000c4100000)
 Metaspace       used 8486K, capacity 8570K, committed 8832K, reserved 1056768K
  class space    used 1042K, capacity 1081K, committed 1152K, reserved 1048576K
}
Event: 1.953 GC heap before
{Heap before GC invocations=3 (full 0):
 PSYoungGen      total 18944K, used 18920K [0x00000000eb200000, 0x00000000ec700000, 0x0000000100000000)
  eden space 16384K, 100% used [0x00000000eb200000,0x00000000ec200000,0x00000000ec200000)
  from space 2560K, 99% used [0x00000000ec480000,0x00000000ec6fa248,0x00000000ec700000)
  to   space 2560K, 0% used [0x00000000ec200000,0x00000000ec200000,0x00000000ec480000)
 ParOldGen       total 44032K, used 1091K [0x00000000c1600000, 0x00000000c4100000, 0x00000000eb200000)
  object space 44032K, 2% used [0x00000000c1600000,0x00000000c1710ef0,0x00000000c4100000)
 Metaspace       used 12459K, capacity 12608K, committed 12928K, reserved 1060864K
  class space    used 1547K, capacity 1594K, committed 1664K, reserved 1048576K
Event: 1.960 GC heap after
Heap after GC invocations=3 (full 0):
 PSYoungGen      total 18944K, used 2550K [0x00000000eb200000, 0x00000000ec700000, 0x0000000100000000)
  eden space 16384K, 0% used [0x00000000eb200000,0x00000000eb200000,0x00000000ec200000)
  from space 2560K, 99% used [0x00000000ec200000,0x00000000ec47d848,0x00000000ec480000)
  to   space 2560K, 0% used [0x00000000ec480000,0x00000000ec480000,0x00000000ec700000)
 ParOldGen       total 44032K, used 4034K [0x00000000c1600000, 0x00000000c4100000, 0x00000000eb200000)
  object space 44032K, 9% used [0x00000000c1600000,0x00000000c19f0870,0x00000000c4100000)
 Metaspace       used 12459K, capacity 12608K, committed 12928K, reserved 1060864K
  class space    used 1547K, capacity 1594K, committed 1664K, reserved 1048576K
}
Event: 2.389 GC heap before
{Heap before GC invocations=4 (full 0):
 PSYoungGen      total 18944K, used 18934K [0x00000000eb200000, 0x00000000ec700000, 0x0000000100000000)
  eden space 16384K, 100% used [0x00000000eb200000,0x00000000ec200000,0x00000000ec200000)
  from space 2560K, 99% used [0x00000000ec200000,0x00000000ec47d848,0x00000000ec480000)
  to   space 2560K, 0% used [0x00000000ec480000,0x00000000ec480000,0x00000000ec700000)
 ParOldGen       total 44032K, used 4034K [0x00000000c1600000, 0x00000000c4100000, 0x00000000eb200000)
  object space 44032K, 9% used [0x00000000c1600000,0x00000000c19f0870,0x00000000c4100000)
 Metaspace       used 14646K, capacity 14796K, committed 14976K, reserved 1062912K
  class space    used 1858K, capacity 1916K, committed 1920K, reserved 1048576K
Event: 2.395 GC heap after
Heap after GC invocations=4 (full 0):
 PSYoungGen      total 18944K, used 2537K [0x00000000eb200000, 0x00000000ec700000, 0x0000000100000000)
  eden space 16384K, 0% used [0x00000000eb200000,0x00000000eb200000,0x00000000ec200000)
  from space 2560K, 99% used [0x00000000ec480000,0x00000000ec6fa550,0x00000000ec700000)
  to   space 2560K, 0% used [0x00000000ec200000,0x00000000ec200000,0x00000000ec480000)
 ParOldGen       total 44032K, used 6114K [0x00000000c1600000, 0x00000000c4100000, 0x00000000eb200000)
  object space 44032K, 13% used [0x00000000c1600000,0x00000000c1bf8bb8,0x00000000c4100000)
 Metaspace       used 14646K, capacity 14796K, committed 14976K, reserved 1062912K
  class space    used 1858K, capacity 1916K, committed 1920K, reserved 1048576K
}
Event: 2.616 GC heap before
{Heap before GC invocations=5 (full 0):
 PSYoungGen      total 18944K, used 18921K [0x00000000eb200000, 0x00000000ec700000, 0x0000000100000000)
  eden space 16384K, 100% used [0x00000000eb200000,0x00000000ec200000,0x00000000ec200000)
  from space 2560K, 99% used [0x00000000ec480000,0x00000000ec6fa550,0x00000000ec700000)
  to   space 2560K, 0% used [0x00000000ec200000,0x00000000ec200000,0x00000000ec480000)
 ParOldGen       total 44032K, used 6114K [0x00000000c1600000, 0x00000000c4100000, 0x00000000eb200000)
  object space 44032K, 13% used [0x00000000c1600000,0x00000000c1bf8bb8,0x00000000c4100000)
 Metaspace       used 15875K, capacity 16060K, committed 16256K, reserved 1062912K
  class space    used 2037K, capacity 2079K, committed 2176K, reserved 1048576K
Event: 2.622 GC heap after
Heap after GC invocations=5 (full 0):
 PSYoungGen      total 18944K, used 2550K [0x00000000eb200000, 0x00000000edf00000, 0x0000000100000000)
  eden space 16384K, 0% used [0x00000000eb200000,0x00000000eb200000,0x00000000ec200000)
  from space 2560K, 99% used [0x00000000ec200000,0x00000000ec47d838,0x00000000ec480000)
  to   space 6656K, 0% used [0x00000000ed880000,0x00000000ed880000,0x00000000edf00000)
 ParOldGen       total 44032K, used 7556K [0x00000000c1600000, 0x00000000c4100000, 0x00000000eb200000)
  object space 44032K, 17% used [0x00000000c1600000,0x00000000c1d61130,0x00000000c4100000)
 Metaspace       used 15875K, capacity 16060K, committed 16256K, reserved 1062912K
  class space    used 2037K, capacity 2079K, committed 2176K, reserved 1048576K
}
Event: 3.016 GC heap before
{Heap before GC invocations=6 (full 0):
 PSYoungGen      total 18944K, used 18934K [0x00000000eb200000, 0x00000000edf00000, 0x0000000100000000)
  eden space 16384K, 100% used [0x00000000eb200000,0x00000000ec200000,0x00000000ec200000)
  from space 2560K, 99% used [0x00000000ec200000,0x00000000ec47d838,0x00000000ec480000)
  to   space 6656K, 0% used [0x00000000ed880000,0x00000000ed880000,0x00000000edf00000)
 ParOldGen       total 44032K, used 7556K [0x00000000c1600000, 0x00000000c4100000, 0x00000000eb200000)
  object space 44032K, 17% used [0x00000000c1600000,0x00000000c1d61130,0x00000000c4100000)
 Metaspace       used 18490K, capacity 18650K, committed 18816K, reserved 1064960K
  class space    used 2360K, capacity 2430K, committed 2432K, reserved 1048576K
Event: 3.024 GC heap after
Heap after GC invocations=6 (full 0):
 PSYoungGen      total 38912K, used 4860K [0x00000000eb200000, 0x00000000ee000000, 0x0000000100000000)
  eden space 32256K, 0% used [0x00000000eb200000,0x00000000eb200000,0x00000000ed180000)
  from space 6656K, 73% used [0x00000000ed880000,0x00000000edd3f2e8,0x00000000edf00000)
  to   space 7168K, 0% used [0x00000000ed180000,0x00000000ed180000,0x00000000ed880000)
 ParOldGen       total 44032K, used 7564K [0x00000000c1600000, 0x00000000c4100000, 0x00000000eb200000)
  object space 44032K, 17% used [0x00000000c1600000,0x00000000c1d63130,0x00000000c4100000)
 Metaspace       used 18490K, capacity 18650K, committed 18816K, reserved 1064960K
  class space    used 2360K, capacity 2430K, committed 2432K, reserved 1048576K
}

